This is pdfTeX, Version 3.14159265-2.6-1.40.19 (TeX Live 2018/W32TeX) (preloaded format=pdflatex 2019.5.3)  23 APR 2020 14:37
entering extended mode
 restricted \write18 enabled.
 file:line:error style messages enabled.
 %&-line parsing enabled.
**d:/CS-542-Machine-Learning/Problem-Sets/class-challenge-COVID-19/Report/ziqi_tan_report.tex
(d:/CS-542-Machine-Learning/Problem-Sets/class-challenge-COVID-19/Report/ziqi_tan_report.tex
LaTeX2e <2018-04-01> patch level 2
Babel <3.18> and hyphenation patterns for 84 language(s) loaded.
(d:/LaTex/LaTeXInstallation/texmf-dist/tex/latex/base/article.cls
Document Class: article 2014/09/29 v1.4h Standard LaTeX document class
(d:/LaTex/LaTeXInstallation/texmf-dist/tex/latex/base/size10.clo
File: size10.clo 2014/09/29 v1.4h Standard LaTeX file (size option)
)
\c@part=\count80
\c@section=\count81
\c@subsection=\count82
\c@subsubsection=\count83
\c@paragraph=\count84
\c@subparagraph=\count85
\c@figure=\count86
\c@table=\count87
\abovecaptionskip=\skip41
\belowcaptionskip=\skip42
\bibindent=\dimen102
) (d:/LaTex/LaTeXInstallation/texmf-dist/tex/latex/geometry/geometry.sty
Package: geometry 2018/03/24 v5.7 Page Geometry
 (d:/LaTex/LaTeXInstallation/texmf-dist/tex/latex/graphics/keyval.sty
Package: keyval 2014/10/28 v1.15 key=value parser (DPC)
\KV@toks@=\toks14
) (d:/LaTex/LaTeXInstallation/texmf-dist/tex/generic/oberdiek/ifpdf.sty
Package: ifpdf 2017/03/15 v3.2 Provides the ifpdf switch
) (d:/LaTex/LaTeXInstallation/texmf-dist/tex/generic/oberdiek/ifvtex.sty
Package: ifvtex 2016/05/16 v1.6 Detect VTeX and its facilities (HO)
Package ifvtex Info: VTeX not detected.
) (d:/LaTex/LaTeXInstallation/texmf-dist/tex/generic/ifxetex/ifxetex.sty
Package: ifxetex 2010/09/12 v0.6 Provides ifxetex conditional
)
\Gm@cnth=\count88
\Gm@cntv=\count89
\c@Gm@tempcnt=\count90
\Gm@bindingoffset=\dimen103
\Gm@wd@mp=\dimen104
\Gm@odd@mp=\dimen105
\Gm@even@mp=\dimen106
\Gm@layoutwidth=\dimen107
\Gm@layoutheight=\dimen108
\Gm@layouthoffset=\dimen109
\Gm@layoutvoffset=\dimen110
\Gm@dimlist=\toks15
) (d:/LaTex/LaTeXInstallation/texmf-dist/tex/latex/graphics/graphicx.sty
Package: graphicx 2017/06/01 v1.1a Enhanced LaTeX Graphics (DPC,SPQR)
 (d:/LaTex/LaTeXInstallation/texmf-dist/tex/latex/graphics/graphics.sty
Package: graphics 2017/06/25 v1.2c Standard LaTeX Graphics (DPC,SPQR)
 (d:/LaTex/LaTeXInstallation/texmf-dist/tex/latex/graphics/trig.sty
Package: trig 2016/01/03 v1.10 sin cos tan (DPC)
) (d:/LaTex/LaTeXInstallation/texmf-dist/tex/latex/graphics-cfg/graphics.cfg
File: graphics.cfg 2016/06/04 v1.11 sample graphics configuration
)
Package graphics Info: Driver file: pdftex.def on input line 99.
 (d:/LaTex/LaTeXInstallation/texmf-dist/tex/latex/graphics-def/pdftex.def
File: pdftex.def 2018/01/08 v1.0l Graphics/color driver for pdftex
))
\Gin@req@height=\dimen111
\Gin@req@width=\dimen112
) (d:/LaTex/LaTeXInstallation/texmf-dist/tex/latex/float/float.sty
Package: float 2001/11/08 v1.3d Float enhancements (AL)
\c@float@type=\count91
\float@exts=\toks16
\float@box=\box26
\@float@everytoks=\toks17
\@floatcapt=\box27
) (d:/LaTex/LaTeXInstallation/texmf-dist/tex/generic/babel/babel.sty
Package: babel 2018/02/14 3.18 The Babel package
 (d:/LaTex/LaTeXInstallation/texmf-dist/tex/generic/babel/switch.def
File: switch.def 2018/02/14 3.18 Babel switching mechanism
) (d:/LaTex/LaTeXInstallation/texmf-dist/tex/generic/babel-english/english.ldf
Language: english 2017/06/06 v3.3r English support from the babel system
 (d:/LaTex/LaTeXInstallation/texmf-dist/tex/generic/babel/babel.def
File: babel.def 2018/02/14 3.18 Babel common definitions
\babel@savecnt=\count92
\U@D=\dimen113
 (d:/LaTex/LaTeXInstallation/texmf-dist/tex/generic/babel/txtbabel.def)
\bbl@dirlevel=\count93
)
\l@canadian = a dialect from \language\l@american 
\l@australian = a dialect from \language\l@british 
\l@newzealand = a dialect from \language\l@british 
)) (d:/LaTex/LaTeXInstallation/texmf-dist/tex/latex/base/inputenc.sty
Package: inputenc 2018/04/06 v1.3b Input encoding file
\inpenc@prehook=\toks18
\inpenc@posthook=\toks19
 (d:/LaTex/LaTeXInstallation/texmf-dist/tex/latex/base/latin1.def
File: latin1.def 2018/04/06 v1.3b Input encoding file
)) (d:/LaTex/LaTeXInstallation/texmf-dist/tex/latex/diagbox/diagbox.sty
Package: diagbox 2016/12/28 v2.2 Making table heads with diagonal lines
 (d:/LaTex/LaTeXInstallation/texmf-dist/tex/latex/pict2e/pict2e.sty
Package: pict2e 2016/02/05 v0.3b Improved picture commands (HjG,RN,JT)
 (d:/LaTex/LaTeXInstallation/texmf-dist/tex/latex/pict2e/pict2e.cfg
File: pict2e.cfg 2016/02/05 v0.1u pict2e configuration for teTeX/TeXLive
)
Package pict2e Info: Driver file: pdftex.def on input line 119.
Package pict2e Info: Driver file for pict2e: p2e-pdftex.def on input line 121.
 (d:/LaTex/LaTeXInstallation/texmf-dist/tex/latex/pict2e/p2e-pdftex.def
File: p2e-pdftex.def 2016/02/05 v0.1u Driver-dependant file (RN,HjG,JT)
)
\pIIe@GRAPH=\toks20
\@arclen=\dimen114
\@arcrad=\dimen115
\@tempdimd=\dimen116
) (d:/LaTex/LaTeXInstallation/texmf-dist/tex/latex/fp/fp.sty
Package: fp 1995/04/02
 `Fixed Point Package', Version 0.8, April 2, 1995 (C) Michael Mehlich (d:/LaTex/LaTeXInstallation/texmf-dist/tex/latex/fp/defpattern.sty
Package: defpattern 1994/10/12
\actioncount=\count94
) (d:/LaTex/LaTeXInstallation/texmf-dist/tex/latex/fp/fp-basic.sty
Package: fp-basic 1996/05/13
\FP@xs=\count95
\FP@xia=\count96
\FP@xib=\count97
\FP@xfa=\count98
\FP@xfb=\count99
\FP@rega=\count100
\FP@regb=\count101
\FP@regs=\count102
\FP@times=\count103
) (d:/LaTex/LaTeXInstallation/texmf-dist/tex/latex/fp/fp-addons.sty
Package: fp-addons 1995/03/15
) (d:/LaTex/LaTeXInstallation/texmf-dist/tex/latex/fp/fp-snap.sty
Package: fp-snap 1995/04/05
) (d:/LaTex/LaTeXInstallation/texmf-dist/tex/latex/fp/fp-exp.sty
Package: fp-exp 1995/04/03
) (d:/LaTex/LaTeXInstallation/texmf-dist/tex/latex/fp/fp-trigo.sty
Package: fp-trigo 1995/04/14
) (d:/LaTex/LaTeXInstallation/texmf-dist/tex/latex/fp/fp-pas.sty
Package: fp-pas 1994/08/29
) (d:/LaTex/LaTeXInstallation/texmf-dist/tex/latex/fp/fp-random.sty
Package: fp-random 1995/02/23
\FPseed=\count104
) (d:/LaTex/LaTeXInstallation/texmf-dist/tex/latex/fp/fp-eqn.sty
Package: fp-eqn 1995/04/03
) (d:/LaTex/LaTeXInstallation/texmf-dist/tex/latex/fp/fp-upn.sty
Package: fp-upn 1996/10/21
) (d:/LaTex/LaTeXInstallation/texmf-dist/tex/latex/fp/fp-eval.sty
Package: fp-eval 1995/04/03
)) (d:/LaTex/LaTeXInstallation/texmf-dist/tex/latex/tools/calc.sty
Package: calc 2017/05/25 v4.3 Infix arithmetic (KKT,FJ)
\calc@Acount=\count105
\calc@Bcount=\count106
\calc@Adimen=\dimen117
\calc@Bdimen=\dimen118
\calc@Askip=\skip43
\calc@Bskip=\skip44
LaTeX Info: Redefining \setlength on input line 80.
LaTeX Info: Redefining \addtolength on input line 81.
\calc@Ccount=\count107
\calc@Cskip=\skip45
) (d:/LaTex/LaTeXInstallation/texmf-dist/tex/latex/tools/array.sty
Package: array 2018/04/07 v2.4g Tabular extension package (FMi)
\col@sep=\dimen119
\ar@mcellbox=\box28
\extrarowheight=\dimen120
\NC@list=\toks21
\extratabsurround=\skip46
\backup@length=\skip47
\ar@cellbox=\box29
)
\diagbox@boxa=\box30
\diagbox@boxb=\box31
\diagbox@boxm=\box32
\diagbox@wd=\dimen121
\diagbox@ht=\dimen122
\diagbox@insepl=\dimen123
\diagbox@insepr=\dimen124
\diagbox@outsepl=\dimen125
\diagbox@outsepr=\dimen126
) (d:\CS-542-Machine-Learning\Problem-Sets\class-challenge-COVID-19\Report/ziqi_tan_report.aux

LaTeX Warning: Label `task2-loss' multiply defined.


LaTeX Warning: Label `task2-loss' multiply defined.


LaTeX Warning: Label `task2-tsen' multiply defined.

)
\openout1 = `ziqi_tan_report.aux'.

LaTeX Font Info:    Checking defaults for OML/cmm/m/it on input line 13.
LaTeX Font Info:    ... okay on input line 13.
LaTeX Font Info:    Checking defaults for T1/cmr/m/n on input line 13.
LaTeX Font Info:    ... okay on input line 13.
LaTeX Font Info:    Checking defaults for OT1/cmr/m/n on input line 13.
LaTeX Font Info:    ... okay on input line 13.
LaTeX Font Info:    Checking defaults for OMS/cmsy/m/n on input line 13.
LaTeX Font Info:    ... okay on input line 13.
LaTeX Font Info:    Checking defaults for OMX/cmex/m/n on input line 13.
LaTeX Font Info:    ... okay on input line 13.
LaTeX Font Info:    Checking defaults for U/cmr/m/n on input line 13.
LaTeX Font Info:    ... okay on input line 13.

*geometry* driver: auto-detecting
*geometry* detected driver: pdftex
*geometry* verbose mode - [ preamble ] result:
* driver: pdftex
* paper: a4paper
* layout: <same size as paper>
* layoutoffset:(h,v)=(0.0pt,0.0pt)
* modes: 
* h-part:(L,W,R)=(85.35826pt, 426.79135pt, 85.35826pt)
* v-part:(T,H,B)=(56.9055pt, 731.23584pt, 56.9055pt)
* \paperwidth=597.50787pt
* \paperheight=845.04684pt
* \textwidth=426.79135pt
* \textheight=731.23584pt
* \oddsidemargin=13.08827pt
* \evensidemargin=13.08827pt
* \topmargin=-52.36449pt
* \headheight=12.0pt
* \headsep=25.0pt
* \topskip=10.0pt
* \footskip=30.0pt
* \marginparwidth=57.0pt
* \marginparsep=11.0pt
* \columnsep=10.0pt
* \skip\footins=9.0pt plus 4.0pt minus 2.0pt
* \hoffset=0.0pt
* \voffset=0.0pt
* \mag=1000
* \@twocolumnfalse
* \@twosidefalse
* \@mparswitchfalse
* \@reversemarginfalse
* (1in=72.27pt=25.4mm, 1cm=28.453pt)

(d:/LaTex/LaTeXInstallation/texmf-dist/tex/context/base/mkii/supp-pdf.mkii
[Loading MPS to PDF converter (version 2006.09.02).]
\scratchcounter=\count108
\scratchdimen=\dimen127
\scratchbox=\box33
\nofMPsegments=\count109
\nofMParguments=\count110
\everyMPshowfont=\toks22
\MPscratchCnt=\count111
\MPscratchDim=\dimen128
\MPnumerator=\count112
\makeMPintoPDFobject=\count113
\everyMPtoPDFconversion=\toks23
) (d:/LaTex/LaTeXInstallation/texmf-dist/tex/latex/oberdiek/epstopdf-base.sty
Package: epstopdf-base 2016/05/15 v2.6 Base part for package epstopdf
 (d:/LaTex/LaTeXInstallation/texmf-dist/tex/generic/oberdiek/infwarerr.sty
Package: infwarerr 2016/05/16 v1.4 Providing info/warning/error messages (HO)
) (d:/LaTex/LaTeXInstallation/texmf-dist/tex/latex/oberdiek/grfext.sty
Package: grfext 2016/05/16 v1.2 Manage graphics extensions (HO)
 (d:/LaTex/LaTeXInstallation/texmf-dist/tex/generic/oberdiek/kvdefinekeys.sty
Package: kvdefinekeys 2016/05/16 v1.4 Define keys (HO)
 (d:/LaTex/LaTeXInstallation/texmf-dist/tex/generic/oberdiek/ltxcmds.sty
Package: ltxcmds 2016/05/16 v1.23 LaTeX kernel commands for general use (HO)
))) (d:/LaTex/LaTeXInstallation/texmf-dist/tex/latex/oberdiek/kvoptions.sty
Package: kvoptions 2016/05/16 v3.12 Key value format for package options (HO)
 (d:/LaTex/LaTeXInstallation/texmf-dist/tex/generic/oberdiek/kvsetkeys.sty
Package: kvsetkeys 2016/05/16 v1.17 Key value parser (HO)
 (d:/LaTex/LaTeXInstallation/texmf-dist/tex/generic/oberdiek/etexcmds.sty
Package: etexcmds 2016/05/16 v1.6 Avoid name clashes with e-TeX commands (HO)
 (d:/LaTex/LaTeXInstallation/texmf-dist/tex/generic/oberdiek/ifluatex.sty
Package: ifluatex 2016/05/16 v1.4 Provides the ifluatex switch (HO)
Package ifluatex Info: LuaTeX not detected.
)
Package etexcmds Info: Could not find \expanded.
(etexcmds)             That can mean that you are not using pdfTeX 1.50 or
(etexcmds)             that some package has redefined \expanded.
(etexcmds)             In the latter case, load this package earlier.
))) (d:/LaTex/LaTeXInstallation/texmf-dist/tex/generic/oberdiek/pdftexcmds.sty
Package: pdftexcmds 2018/01/30 v0.27 Utility functions of pdfTeX for LuaTeX (HO)
Package pdftexcmds Info: LuaTeX not detected.
Package pdftexcmds Info: \pdf@primitive is available.
Package pdftexcmds Info: \pdf@ifprimitive is available.
Package pdftexcmds Info: \pdfdraftmode found.
)
Package epstopdf-base Info: Redefining graphics rule for `.eps' on input line 438.
Package grfext Info: Graphics extension search list:
(grfext)             [.pdf,.png,.jpg,.mps,.jpeg,.jbig2,.jb2,.PDF,.PNG,.JPG,.JPEG,.JBIG2,.JB2,.eps]
(grfext)             \AppendGraphicsExtensions on input line 456.
 (d:/LaTex/LaTeXInstallation/texmf-dist/tex/latex/latexconfig/epstopdf-sys.cfg
File: epstopdf-sys.cfg 2010/07/13 v1.3 Configuration of (r)epstopdf for TeX Live
))
LaTeX Font Info:    External font `cmex10' loaded for size
(Font)              <12> on input line 19.
LaTeX Font Info:    External font `cmex10' loaded for size
(Font)              <8> on input line 19.
LaTeX Font Info:    External font `cmex10' loaded for size
(Font)              <6> on input line 19.
 (d:\CS-542-Machine-Learning\Problem-Sets\class-challenge-COVID-19\Report/ziqi_tan_report.toc
LaTeX Font Info:    External font `cmex10' loaded for size
(Font)              <7> on input line 5.
LaTeX Font Info:    External font `cmex10' loaded for size
(Font)              <5> on input line 5.
)
\tf@toc=\write3
\openout3 = `ziqi_tan_report.toc'.

 [1

{d:/LaTex/LaTeXInstallation/texmf-var/fonts/map/pdftex/updmap/pdftex.map}]
LaTeX Font Info:    Try loading font information for OMS+cmr on input line 54.
 (d:/LaTex/LaTeXInstallation/texmf-dist/tex/latex/base/omscmr.fd
File: omscmr.fd 2014/09/29 v2.5h Standard LaTeX font definitions
)
LaTeX Font Info:    Font shape `OMS/cmr/m/n' in size <10> not available
(Font)              Font shape `OMS/cmsy/m/n' tried instead on input line 54.

Underfull \hbox (badness 10000) in paragraph at lines 72--73

 []

[2]
<./images/vgg16-architecture.png, id=16, 502.12593pt x 502.12593pt>
File: ./images/vgg16-architecture.png Graphic file (type png)
<use ./images/vgg16-architecture.png>
Package pdftex.def Info: ./images/vgg16-architecture.png  used on input line 106.
(pdftex.def)             Requested size: 341.43306pt x 341.44878pt.
<./images/task1-accuracy.png, id=18, 387.4475pt x 279.0425pt>
File: ./images/task1-accuracy.png Graphic file (type png)
<use ./images/task1-accuracy.png>
Package pdftex.def Info: ./images/task1-accuracy.png  used on input line 131.
(pdftex.def)             Requested size: 227.62204pt x 163.93535pt.
 [3 <./images/vgg16-architecture.png>]
<./images/task1-loss.png, id=23, 393.47pt x 279.0425pt>
File: ./images/task1-loss.png Graphic file (type png)
<use ./images/task1-loss.png>
Package pdftex.def Info: ./images/task1-loss.png  used on input line 143.
(pdftex.def)             Requested size: 227.62204pt x 161.42323pt.
<./images/task1-tsen.png, id=24, 378.41376pt x 264.99pt>
File: ./images/task1-tsen.png Graphic file (type png)
<use ./images/task1-tsen.png>
Package pdftex.def Info: ./images/task1-tsen.png  used on input line 159.
(pdftex.def)             Requested size: 227.62204pt x 159.39552pt.
 [4 <./images/task1-accuracy.png> <./images/task1-loss.png>]
Underfull \hbox (badness 10000) in paragraph at lines 205--206

 []

[5 <./images/task1-tsen.png>]
<./images/task2-accuracy.png, id=34, 383.4325pt x 258.9675pt>
File: ./images/task2-accuracy.png Graphic file (type png)
<use ./images/task2-accuracy.png>
Package pdftex.def Info: ./images/task2-accuracy.png  used on input line 276.
(pdftex.def)             Requested size: 227.62204pt x 153.73784pt.
<./images/task2-loss.png, id=35, 390.45876pt x 258.9675pt>
File: ./images/task2-loss.png Graphic file (type png)
<use ./images/task2-loss.png>
Package pdftex.def Info: ./images/task2-loss.png  used on input line 288.
(pdftex.def)             Requested size: 227.62204pt x 150.96783pt.
 [6 <./images/task2-accuracy.png>]
<./images/task2-tsen.png, id=40, 378.41376pt x 264.99pt>
File: ./images/task2-tsen.png Graphic file (type png)
<use ./images/task2-tsen.png>
Package pdftex.def Info: ./images/task2-tsen.png  used on input line 298.
(pdftex.def)             Requested size: 227.62204pt x 159.39552pt.
 [7 <./images/task2-loss.png> <./images/task2-tsen.png>]
<./images/ResNet50V2-accuracy.png, id=47, 385.44pt x 257.96375pt>
File: ./images/ResNet50V2-accuracy.png Graphic file (type png)
<use ./images/ResNet50V2-accuracy.png>
Package pdftex.def Info: ./images/ResNet50V2-accuracy.png  used on input line 366.
(pdftex.def)             Requested size: 227.62204pt x 152.33899pt.
<./images/ResNet50V2-loss.png, id=48, 384.43625pt x 256.96pt>
File: ./images/ResNet50V2-loss.png Graphic file (type png)
<use ./images/ResNet50V2-loss.png>
Package pdftex.def Info: ./images/ResNet50V2-loss.png  used on input line 380.
(pdftex.def)             Requested size: 227.62204pt x 152.14616pt.
<./images/ResNet50V2-tsen.png, id=49, 378.41376pt x 264.99pt>
File: ./images/ResNet50V2-tsen.png Graphic file (type png)
<use ./images/ResNet50V2-tsen.png>
Package pdftex.def Info: ./images/ResNet50V2-tsen.png  used on input line 390.
(pdftex.def)             Requested size: 227.62204pt x 159.39552pt.
 [8 <./images/ResNet50V2-accuracy.png> <./images/ResNet50V2-loss.png>]
Underfull \hbox (badness 10000) in paragraph at lines 410--411

 []

<./images/CPU-lib.png, id=55, 342.5297pt x 194.97844pt>
File: ./images/CPU-lib.png Graphic file (type png)
<use ./images/CPU-lib.png>
Package pdftex.def Info: ./images/CPU-lib.png  used on input line 444.
(pdftex.def)             Requested size: 227.62204pt x 129.57274pt.
[9 <./images/ResNet50V2-tsen.png>]
<./images/CPU-Training-time.png, id=60, 877.02657pt x 317.68687pt>
File: ./images/CPU-Training-time.png Graphic file (type png)
<use ./images/CPU-Training-time.png>
Package pdftex.def Info: ./images/CPU-Training-time.png  used on input line 453.
(pdftex.def)             Requested size: 426.79134pt x 154.60147pt.
<./images/GPU-lib.png, id=61, 895.09406pt x 642.90187pt>
File: ./images/GPU-lib.png Graphic file (type png)
<use ./images/GPU-lib.png>
Package pdftex.def Info: ./images/GPU-lib.png  used on input line 465.
(pdftex.def)             Requested size: 398.33858pt x 286.11496pt.
 [10 <./images/CPU-lib.png> <./images/CPU-Training-time.png>]
<./images/GPU-Training-time.png, id=67, 906.38625pt x 246.1697pt>
File: ./images/GPU-Training-time.png Graphic file (type png)
<use ./images/GPU-Training-time.png>
Package pdftex.def Info: ./images/GPU-Training-time.png  used on input line 473.
(pdftex.def)             Requested size: 426.79134pt x 115.91386pt.
 [11 <./images/GPU-lib.png> <./images/GPU-Training-time.png>] [12] (d:\CS-542-Machine-Learning\Problem-Sets\class-challenge-COVID-19\Report/ziqi_tan_report.aux)

LaTeX Warning: There were multiply-defined labels.

 ) 
Here is how much of TeX's memory you used:
 3640 strings out of 492649
 52182 string characters out of 6128182
 150705 words of memory out of 5000000
 7414 multiletter control sequences out of 15000+600000
 7895 words of font info for 28 fonts, out of 8000000 for 9000
 1141 hyphenation exceptions out of 8191
 41i,9n,25p,572b,222s stack positions out of 5000i,500n,10000p,200000b,80000s
<d:/LaTex/LaTeXInstallation/texmf-dist/fonts/type1/public/amsfonts/cm/cmbx10.pfb><d:/LaTex/LaTeXInstallation/texmf-dist/fonts/type1/public/amsfonts/cm/cmbx12.pfb><d:/LaTex/LaTeXInstallation/texmf-dist/fonts/type1/public/amsfonts/cm/cmmi10.pfb><d:/LaTex/LaTeXInstallation/texmf-dist/fonts/type1/public/amsfonts/cm/cmr10.pfb><d:/LaTex/LaTeXInstallation/texmf-dist/fonts/type1/public/amsfonts/cm/cmr12.pfb><d:/LaTex/LaTeXInstallation/texmf-dist/fonts/type1/public/amsfonts/cm/cmr17.pfb><d:/LaTex/LaTeXInstallation/texmf-dist/fonts/type1/public/amsfonts/cm/cmsy10.pfb>
Output written on d:\CS-542-Machine-Learning\Problem-Sets\class-challenge-COVID-19\Report/ziqi_tan_report.pdf (12 pages, 447990 bytes).
PDF statistics:
 100 PDF objects out of 1000 (max. 8388607)
 50 compressed objects within 1 object stream
 0 named destinations out of 1000 (max. 500000)
 71 words of extra memory for PDF output out of 10000 (max. 10000000)

